<?xml version="1.0" encoding="UTF-8"?>
<!-- Generated by org.testng.reporters.JUnitReportReporter -->
<testsuite skipped="0" hostname="Mriduls-MacBook-Pro.local" name="com.demoblaze.runner.FeatureRunner" tests="5" failures="1" timestamp="28 Jan 2023 23:43:30 GMT" time="37.467" errors="0">
  <testcase name="runScenario" time="2.937" classname="com.demoblaze.runner.FeatureRunner"/>
  <testcase name="runScenario" time="3.360" classname="com.demoblaze.runner.FeatureRunner"/>
  <testcase name="runScenario" time="3.246" classname="com.demoblaze.runner.FeatureRunner"/>
  <testcase name="runScenario" time="2.975" classname="com.demoblaze.runner.FeatureRunner"/>
  <testcase name="runScenario" time="24.949" classname="com.demoblaze.runner.FeatureRunner">
    <failure type="java.lang.AssertionError" message="expected [Welcome mriduldb@yahoo.com] but found []">
      <![CDATA[java.lang.AssertionError: expected [Welcome mriduldb@yahoo.com] but found []
at org.testng.Assert.fail(Assert.java:96)
at org.testng.Assert.failNotEquals(Assert.java:776)
at org.testng.Assert.assertEqualsImpl(Assert.java:137)
at org.testng.Assert.assertEquals(Assert.java:118)
at org.testng.Assert.assertEquals(Assert.java:453)
at org.testng.Assert.assertEquals(Assert.java:463)
at com.demoblaze.Stepdef.DemoBlazeLoginTestStepDef.user_is_successfully_logged_in_and_username_is_displayed(DemoBlazeLoginTestStepDef.java:57)
at âœ½.User is successfully logged in and username is displayed(file:///Users/mridulmac2019/eclipse-workspace/com.Demoblaze_Automation/Features/DemoBlazeLoginTest.feature:11)
]]>
    </failure>
  </testcase> <!-- runScenario -->
</testsuite> <!-- com.demoblaze.runner.FeatureRunner -->
